0 silly input [ 'publish' ]
1 silly flags { _: [ 'publish' ], 'reject-cycles': false, rejectCycles: false }
2 verbose rootPath /Users/marui/lerna-demo
3 info version 2.8.0
4 silly isInitialized
5 silly isInitialized true
6 silly existsSync /Users/marui/lerna-demo/VERSION
7 info versioning independent
8 silly initialize attempt
9 silly isDetachedHead
10 silly getCurrentBranch
11 verbose getCurrentBranch master
12 verbose isDetachedHead false
13 silly getCurrentBranch
14 verbose getCurrentBranch master
15 silly getUpdates
16 info Checking for updated packages...
17 silly hasTags
18 verbose hasTags false
19 info Comparing with initial commit.
20 verbose updated button-demo
21 info Checking for prereleased packages...
22 silly collectDependents
23 silly isPackageDependentOf button-demo button-demo
24 silly collectUpdates
25 verbose has filtered update button-demo
26 silly initialize success
27 silly execute attempt
28 silly runScriptSync preversion undefined
29 silly runScriptSync preversion button-demo
30 silly runScriptSync version button-demo
31 silly runScriptSync version undefined
32 silly addFile /Users/marui/lerna-demo/packages/button-demo/package.json
33 silly commit Publish
33 silly commit
33 silly commit  - button-demo@1.0.1
34 verbose commit [ 'commit',
34 verbose commit   '--no-verify',
34 verbose commit   '-F',
34 verbose commit   '/private/var/folders/n8/599n26l92p5b7h_c7j10t0q80000gn/T/33d8d69e-50c0-443d-8fbf-7590b8715ffc/lerna-commit.txt' ]
35 silly addTag button-demo@1.0.1
36 silly runScriptSync postversion button-demo
37 silly runScriptSync postversion undefined
38 info publish Publishing packages to npm...
39 silly existsSync /Users/marui/lerna-demo/packages/button-demo/scripts/prepublish.js
40 verbose execScript No prepublish script found at /Users/marui/lerna-demo/packages/button-demo/scripts/prepublish.js
41 verbose publishing button-demo
42 silly publishTaggedInDir latest button-demo
43 silly getExecOpts { cwd: '/Users/marui/lerna-demo/packages/button-demo' }
44 error publish Retrying failed publish: button-demo
45 verbose publish error undefined
46 verbose publishing button-demo
47 silly publishTaggedInDir latest button-demo
48 silly getExecOpts { cwd: '/Users/marui/lerna-demo/packages/button-demo' }
49 error publish Retrying failed publish: button-demo
50 verbose publish error undefined
51 verbose publishing button-demo
52 silly publishTaggedInDir latest button-demo
53 silly getExecOpts { cwd: '/Users/marui/lerna-demo/packages/button-demo' }
54 error publish Retrying failed publish: button-demo
55 verbose publish error undefined
56 verbose publishing button-demo
57 silly publishTaggedInDir latest button-demo
58 silly getExecOpts { cwd: '/Users/marui/lerna-demo/packages/button-demo' }
59 error publish Retrying failed publish: button-demo
60 verbose publish error undefined
61 verbose publishing button-demo
62 silly publishTaggedInDir latest button-demo
63 silly getExecOpts { cwd: '/Users/marui/lerna-demo/packages/button-demo' }
64 error publish Ran out of retries while publishing button-demo Error: Command failed: npm publish --tag latest
64 error publish npm ERR! publish Failed PUT 403
64 error publish npm ERR! code E403
64 error publish npm ERR! Package name too similar to existing packages; try renaming your package to '@marui01/button-demo' and publishing with 'npm publish --access=public' instead : button-demo
64 error publish
64 error publish npm ERR! A complete log of this run can be found in:
64 error publish npm ERR!     /Users/marui/.npm/_logs/2018-02-22T02_39_06_059Z-debug.log
64 error publish
64 error publish     at Promise.all.then.arr (/usr/local/lib/node_modules/lerna/node_modules/execa/index.js:236:11)
64 error publish     at <anonymous>
64 error publish     at process._tickCallback (internal/process/next_tick.js:188:7)
65 error execute callback with error
66 error Error: Command failed: npm publish --tag latest
66 error npm ERR! publish Failed PUT 403
66 error npm ERR! code E403
66 error npm ERR! Package name too similar to existing packages; try renaming your package to '@marui01/button-demo' and publishing with 'npm publish --access=public' instead : button-demo
66 error
66 error npm ERR! A complete log of this run can be found in:
66 error npm ERR!     /Users/marui/.npm/_logs/2018-02-22T02_39_06_059Z-debug.log
66 error
66 error     at Promise.all.then.arr (/usr/local/lib/node_modules/lerna/node_modules/execa/index.js:236:11)
66 error     at <anonymous>
